Build started 4/23/2015 4:01:44 PM.
     1>Project "C:\WBMLTools\trunk\WbMLUnityTools\MotiveToUnity\NatNet_SDK_2.7_UnitySampleModifiedToEnableMultipleRigidbodies\Samples\Unity3D\UnitySample.vcxproj" on node 2 (Rebuild target(s)).
     1>ClCompile:
         C:\Program Files (x86)\Microsoft Visual Studio 12.0\VC\bin\CL.exe /c /I..\..\include /I..\..\include /I..\..\lib /Zi /nologo /W3 /WX- /O2 /Oy- /D WIN32 /D NDEBUG /D _VC80_UPGRADE=0x0710 /D _MBCS /Gm- /EHsc /MD /GS /fp:precise /Zc:wchar_t /Zc:forScope /Fo"Release\\" /Fd"Release\vc120.pdb" /Gd /TP /analyze- /errorReport:prompt UnitySample.cpp
         UnitySample.cpp
         C:\Program Files (x86)\Microsoft Visual Studio 12.0\VC\bin\CL.exe /c /I..\..\include /Zi /nologo /W3 /WX- /O2 /Oy- /D WIN32 /D NDEBUG /D _VC80_UPGRADE=0x0710 /D _MBCS /Gm- /EHsc /MD /GS /fp:precise /Zc:wchar_t /Zc:forScope /Fo"Release\\" /Fd"Release\vc120.pdb" /Gd /TP /analyze- /errorReport:prompt tinyxml\tinystr.cpp tinyxml\tinyxml.cpp tinyxml\tinyxmlerror.cpp tinyxml\tinyxmlparser.cpp
         tinystr.cpp
         tinyxml.cpp
         tinyxmlerror.cpp
         tinyxmlparser.cpp
         Generating Code...
       Link:
         C:\Program Files (x86)\Microsoft Visual Studio 12.0\VC\bin\link.exe /ERRORREPORT:PROMPT /OUT:"C:\WBMLTools\trunk\WbMLUnityTools\MotiveToUnity\NatNet_SDK_2.7_UnitySampleModifiedToEnableMultipleRigidbodies\Samples\\bin\UnitySample.exe" /INCREMENTAL:NO /NOLOGO /LIBPATH:"\v120-x86-Release\\" ..\..\lib\NatNetLibStatic.lib ws2_32.lib kernel32.lib user32.lib gdi32.lib winspool.lib comdlg32.lib advapi32.lib shell32.lib ole32.lib oleaut32.lib uuid.lib odbc32.lib odbccp32.lib /MANIFEST /MANIFESTUAC:"level='asInvoker' uiAccess='false'" /manifest:embed /PDB:"C:\WBMLTools\trunk\WbMLUnityTools\MotiveToUnity\NatNet_SDK_2.7_UnitySampleModifiedToEnableMultipleRigidbodies\Samples\\bin\UnitySample.pdb" /TLBID:1 /DYNAMICBASE /NXCOMPAT /IMPLIB:"C:\WBMLTools\trunk\WbMLUnityTools\MotiveToUnity\NatNet_SDK_2.7_UnitySampleModifiedToEnableMultipleRigidbodies\Samples\\bin\UnitySample.lib" /MACHINE:X86 /SAFESEH 
          Release\UnitySample.obj
         Release\tinystr.obj
         Release\tinyxml.obj
         Release\tinyxmlerror.obj
         Release\tinyxmlparser.obj
         UnitySample.vcxproj -> C:\WBMLTools\trunk\WbMLUnityTools\MotiveToUnity\NatNet_SDK_2.7_UnitySampleModifiedToEnableMultipleRigidbodies\Samples\\bin\UnitySample.exe
     1>Done Building Project "C:\WBMLTools\trunk\WbMLUnityTools\MotiveToUnity\NatNet_SDK_2.7_UnitySampleModifiedToEnableMultipleRigidbodies\Samples\Unity3D\UnitySample.vcxproj" (Rebuild target(s)).

Build succeeded.

Time Elapsed 00:00:01.50
