Build started 11/17/2014 2:01:34 PM.
     1>Project "C:\OptiTrack\MotiveToUnity_v1\NatNet_SDK_2.7_UnitySampleModifiedToEnableMultipleRigidbodies\Samples\Unity3D\UnitySample.vcxproj" on node 2 (Rebuild target(s)).
     1>ClCompile:
         C:\Program Files (x86)\Microsoft Visual Studio 12.0\VC\bin\CL.exe /c /I..\..\include\ /Zi /nologo /W3 /WX- /Od /Oy- /D WIN32 /D _DEBUG /D _VC80_UPGRADE=0x0710 /D _MBCS /Gm- /EHsc /MDd /GS /fp:precise /Zc:wchar_t /Zc:forScope /Fo"Debug\\" /Fd"Debug\vc120.pdb" /Gd /TP /analyze- /errorReport:prompt UnitySample.cpp tinyxml\tinystr.cpp tinyxml\tinyxml.cpp tinyxml\tinyxmlerror.cpp tinyxml\tinyxmlparser.cpp
         UnitySample.cpp
         tinystr.cpp
         tinyxml.cpp
         tinyxmlerror.cpp
         tinyxmlparser.cpp
         Generating Code...
       Link:
         C:\Program Files (x86)\Microsoft Visual Studio 12.0\VC\bin\link.exe /ERRORREPORT:PROMPT /OUT:"C:\OptiTrack\MotiveToUnity_v1\NatNet_SDK_2.7_UnitySampleModifiedToEnableMultipleRigidbodies\Samples\\bin\UnitySample.exe" /INCREMENTAL /NOLOGO /LIBPATH:..\..\lib NatNetLibStatic.lib ws2_32.lib kernel32.lib user32.lib gdi32.lib winspool.lib comdlg32.lib advapi32.lib shell32.lib ole32.lib oleaut32.lib uuid.lib odbc32.lib odbccp32.lib /MANIFEST /MANIFESTUAC:"level='asInvoker' uiAccess='false'" /manifest:embed /DEBUG /PDB:"C:\OptiTrack\MotiveToUnity_v1\NatNet_SDK_2.7_UnitySampleModifiedToEnableMultipleRigidbodies\Samples\\bin\UnitySample.pdb" /ASSEMBLYDEBUG /TLBID:1 /DYNAMICBASE /NXCOMPAT /IMPLIB:"C:\OptiTrack\MotiveToUnity_v1\NatNet_SDK_2.7_UnitySampleModifiedToEnableMultipleRigidbodies\Samples\\bin\UnitySample.lib" /MACHINE:X86 /SAFESEH 
          Debug\UnitySample.obj
         Debug\tinystr.obj
         Debug\tinyxml.obj
         Debug\tinyxmlerror.obj
         Debug\tinyxmlparser.obj
     1>LINK : warning LNK4098: defaultlib 'MSVCRT' conflicts with use of other libs; use /NODEFAULTLIB:library
     1>NatNetLibStatic.lib(ClientCore.obj) : warning LNK4099: PDB 'vc100.pdb' was not found with 'NatNetLibStatic.lib(ClientCore.obj)' or at 'C:\OptiTrack\MotiveToUnity_v1\NatNet_SDK_2.7_UnitySampleModifiedToEnableMultipleRigidbodies\Samples\bin\vc100.pdb'; linking object as if no debug info
     1>NatNetLibStatic.lib(NatNetClient.obj) : warning LNK4099: PDB 'vc100.pdb' was not found with 'NatNetLibStatic.lib(NatNetClient.obj)' or at 'C:\OptiTrack\MotiveToUnity_v1\NatNet_SDK_2.7_UnitySampleModifiedToEnableMultipleRigidbodies\Samples\bin\vc100.pdb'; linking object as if no debug info
     1>NatNetLibStatic.lib(NatNetHelper.obj) : warning LNK4099: PDB 'vc100.pdb' was not found with 'NatNetLibStatic.lib(NatNetHelper.obj)' or at 'C:\OptiTrack\MotiveToUnity_v1\NatNet_SDK_2.7_UnitySampleModifiedToEnableMultipleRigidbodies\Samples\bin\vc100.pdb'; linking object as if no debug info
     1>NatNetLibStatic.lib(NatNetRepeater.obj) : warning LNK4099: PDB 'vc100.pdb' was not found with 'NatNetLibStatic.lib(NatNetRepeater.obj)' or at 'C:\OptiTrack\MotiveToUnity_v1\NatNet_SDK_2.7_UnitySampleModifiedToEnableMultipleRigidbodies\Samples\bin\vc100.pdb'; linking object as if no debug info
     1>NatNetLibStatic.lib(quattoeuler.obj) : warning LNK4099: PDB 'vc100.pdb' was not found with 'NatNetLibStatic.lib(quattoeuler.obj)' or at 'C:\OptiTrack\MotiveToUnity_v1\NatNet_SDK_2.7_UnitySampleModifiedToEnableMultipleRigidbodies\Samples\bin\vc100.pdb'; linking object as if no debug info
     1>NatNetLibStatic.lib(UnicastClientCore.obj) : warning LNK4099: PDB 'vc100.pdb' was not found with 'NatNetLibStatic.lib(UnicastClientCore.obj)' or at 'C:\OptiTrack\MotiveToUnity_v1\NatNet_SDK_2.7_UnitySampleModifiedToEnableMultipleRigidbodies\Samples\bin\vc100.pdb'; linking object as if no debug info
         UnitySample.vcxproj -> C:\OptiTrack\MotiveToUnity_v1\NatNet_SDK_2.7_UnitySampleModifiedToEnableMultipleRigidbodies\Samples\\bin\UnitySample.exe
     1>Done Building Project "C:\OptiTrack\MotiveToUnity_v1\NatNet_SDK_2.7_UnitySampleModifiedToEnableMultipleRigidbodies\Samples\Unity3D\UnitySample.vcxproj" (Rebuild target(s)).

Build succeeded.

Time Elapsed 00:00:02.27
